{"C:\\Users\\DELL USER\\OneDrive\\Desktop\\UWAProject\\Backend\\src\\data\\addressMapping\\index.ts": {"path":"C:\\Users\\DELL USER\\OneDrive\\Desktop\\UWAProject\\Backend\\src\\data\\addressMapping\\index.ts","statementMap":{"0":{"start":{"line":1,"column":0},"end":{"line":1,"column":24}}},"fnMap":{},"branchMap":{},"s":{"0":0},"f":{},"b":{}}
,"C:\\Users\\DELL USER\\OneDrive\\Desktop\\UWAProject\\Backend\\src\\data\\uid\\index.ts": {"path":"C:\\Users\\DELL USER\\OneDrive\\Desktop\\UWAProject\\Backend\\src\\data\\uid\\index.ts","statementMap":{"0":{"start":{"line":1,"column":0},"end":{"line":1,"column":24}}},"fnMap":{},"branchMap":{},"s":{"0":2},"f":{},"b":{}}
,"C:\\Users\\DELL USER\\OneDrive\\Desktop\\UWAProject\\Backend\\src\\data\\uid\\model.ts": {"path":"C:\\Users\\DELL USER\\OneDrive\\Desktop\\UWAProject\\Backend\\src\\data\\uid\\model.ts","statementMap":{"0":{"start":{"line":46,"column":0},"end":{"line":46,"column":16}},"1":{"start":{"line":6,"column":0},"end":{"line":6,"column":null}},"2":{"start":{"line":7,"column":2},"end":{"line":7,"column":null}},"3":{"start":{"line":8,"column":2},"end":{"line":8,"column":null}},"4":{"start":{"line":47,"column":2},"end":{"line":49,"column":3}},"5":{"start":{"line":48,"column":4},"end":{"line":48,"column":70}},"6":{"start":{"line":50,"column":2},"end":{"line":52,"column":3}},"7":{"start":{"line":51,"column":4},"end":{"line":51,"column":54}},"8":{"start":{"line":53,"column":2},"end":{"line":55,"column":3}},"9":{"start":{"line":54,"column":4},"end":{"line":54,"column":48}},"10":{"start":{"line":56,"column":2},"end":{"line":58,"column":3}},"11":{"start":{"line":57,"column":4},"end":{"line":57,"column":48}},"12":{"start":{"line":59,"column":2},"end":{"line":61,"column":3}},"13":{"start":{"line":59,"column":32},"end":{"line":59,"column":76}},"14":{"start":{"line":60,"column":4},"end":{"line":60,"column":62}},"15":{"start":{"line":62,"column":2},"end":{"line":64,"column":3}},"16":{"start":{"line":62,"column":32},"end":{"line":62,"column":68}},"17":{"start":{"line":63,"column":4},"end":{"line":63,"column":46}}},"fnMap":{"0":{"name":"(anonymous_0)","decl":{"start":{"line":6,"column":0},"end":{"line":6,"column":12}},"loc":{"start":{"line":6,"column":22},"end":{"line":9,"column":1}}},"1":{"name":"validateUidModel","decl":{"start":{"line":46,"column":16},"end":{"line":46,"column":32}},"loc":{"start":{"line":46,"column":46},"end":{"line":65,"column":1}}},"2":{"name":"(anonymous_2)","decl":{"start":{"line":59,"column":25},"end":{"line":59,"column":26}},"loc":{"start":{"line":59,"column":32},"end":{"line":59,"column":76}}},"3":{"name":"(anonymous_3)","decl":{"start":{"line":62,"column":25},"end":{"line":62,"column":26}},"loc":{"start":{"line":62,"column":32},"end":{"line":62,"column":68}}}},"branchMap":{"0":{"loc":{"start":{"line":6,"column":12},"end":{"line":6,"column":null}},"type":"binary-expr","locations":[{"start":{"line":6,"column":12},"end":{"line":6,"column":22}},{"start":{"line":6,"column":22},"end":{"line":6,"column":null}}]},"1":{"loc":{"start":{"line":47,"column":2},"end":{"line":49,"column":3}},"type":"if","locations":[{"start":{"line":47,"column":2},"end":{"line":49,"column":3}}]},"2":{"loc":{"start":{"line":50,"column":2},"end":{"line":52,"column":3}},"type":"if","locations":[{"start":{"line":50,"column":2},"end":{"line":52,"column":3}}]},"3":{"loc":{"start":{"line":53,"column":2},"end":{"line":55,"column":3}},"type":"if","locations":[{"start":{"line":53,"column":2},"end":{"line":55,"column":3}}]},"4":{"loc":{"start":{"line":56,"column":2},"end":{"line":58,"column":3}},"type":"if","locations":[{"start":{"line":56,"column":2},"end":{"line":58,"column":3}}]},"5":{"loc":{"start":{"line":59,"column":2},"end":{"line":61,"column":3}},"type":"if","locations":[{"start":{"line":59,"column":2},"end":{"line":61,"column":3}}]},"6":{"loc":{"start":{"line":62,"column":2},"end":{"line":64,"column":3}},"type":"if","locations":[{"start":{"line":62,"column":2},"end":{"line":64,"column":3}}]}},"s":{"0":3,"1":3,"2":3,"3":3,"4":9,"5":1,"6":8,"7":1,"8":7,"9":1,"10":6,"11":1,"12":5,"13":5,"14":1,"15":4,"16":4,"17":2},"f":{"0":3,"1":9,"2":5,"3":4},"b":{"0":[3,3],"1":[1],"2":[1],"3":[1],"4":[1],"5":[1],"6":[2]}}
,"C:\\Users\\DELL USER\\OneDrive\\Desktop\\UWAProject\\Backend\\src\\data\\wallet\\index.ts": {"path":"C:\\Users\\DELL USER\\OneDrive\\Desktop\\UWAProject\\Backend\\src\\data\\wallet\\index.ts","statementMap":{"0":{"start":{"line":1,"column":0},"end":{"line":1,"column":24}}},"fnMap":{},"branchMap":{},"s":{"0":0},"f":{},"b":{}}
,"C:\\Users\\DELL USER\\OneDrive\\Desktop\\UWAProject\\Backend\\src\\data\\wallet\\model.ts": {"path":"C:\\Users\\DELL USER\\OneDrive\\Desktop\\UWAProject\\Backend\\src\\data\\wallet\\model.ts","statementMap":{"0":{"start":{"line":38,"column":0},"end":{"line":38,"column":16}},"1":{"start":{"line":1,"column":0},"end":{"line":1,"column":42}},"2":{"start":{"line":39,"column":2},"end":{"line":41,"column":3}},"3":{"start":{"line":40,"column":4},"end":{"line":40,"column":48}},"4":{"start":{"line":42,"column":2},"end":{"line":44,"column":3}},"5":{"start":{"line":43,"column":4},"end":{"line":43,"column":50}},"6":{"start":{"line":45,"column":2},"end":{"line":47,"column":3}},"7":{"start":{"line":45,"column":83},"end":{"line":45,"column":121}},"8":{"start":{"line":46,"column":4},"end":{"line":46,"column":48}}},"fnMap":{"0":{"name":"validateWalletModel","decl":{"start":{"line":38,"column":16},"end":{"line":38,"column":35}},"loc":{"start":{"line":38,"column":55},"end":{"line":48,"column":1}}},"1":{"name":"(anonymous_1)","decl":{"start":{"line":45,"column":76},"end":{"line":45,"column":77}},"loc":{"start":{"line":45,"column":83},"end":{"line":45,"column":121}}}},"branchMap":{"0":{"loc":{"start":{"line":39,"column":2},"end":{"line":41,"column":3}},"type":"if","locations":[{"start":{"line":39,"column":2},"end":{"line":41,"column":3}}]},"1":{"loc":{"start":{"line":42,"column":2},"end":{"line":44,"column":3}},"type":"if","locations":[{"start":{"line":42,"column":2},"end":{"line":44,"column":3}}]},"2":{"loc":{"start":{"line":45,"column":2},"end":{"line":47,"column":3}},"type":"if","locations":[{"start":{"line":45,"column":2},"end":{"line":47,"column":3}}]},"3":{"loc":{"start":{"line":45,"column":6},"end":{"line":45,"column":122}},"type":"binary-expr","locations":[{"start":{"line":45,"column":6},"end":{"line":45,"column":44}},{"start":{"line":45,"column":48},"end":{"line":45,"column":122}}]}},"s":{"0":1,"1":1,"2":7,"3":1,"4":6,"5":1,"6":5,"7":5,"8":2},"f":{"0":7,"1":5},"b":{"0":[1],"1":[1],"2":[2],"3":[5,4]}}
}
