{"C:\\Users\\DELL USER\\OneDrive\\Desktop\\UWAProject\\Backend\\src\\data\\uid\\model.ts": {"path":"C:\\Users\\DELL USER\\OneDrive\\Desktop\\UWAProject\\Backend\\src\\data\\uid\\model.ts","statementMap":{"0":{"start":{"line":46,"column":0},"end":{"line":46,"column":16}},"1":{"start":{"line":6,"column":0},"end":{"line":6,"column":null}},"2":{"start":{"line":7,"column":2},"end":{"line":7,"column":null}},"3":{"start":{"line":8,"column":2},"end":{"line":8,"column":null}},"4":{"start":{"line":47,"column":2},"end":{"line":49,"column":3}},"5":{"start":{"line":48,"column":4},"end":{"line":48,"column":70}},"6":{"start":{"line":50,"column":2},"end":{"line":52,"column":3}},"7":{"start":{"line":51,"column":4},"end":{"line":51,"column":54}},"8":{"start":{"line":53,"column":2},"end":{"line":55,"column":3}},"9":{"start":{"line":54,"column":4},"end":{"line":54,"column":48}},"10":{"start":{"line":56,"column":2},"end":{"line":58,"column":3}},"11":{"start":{"line":57,"column":4},"end":{"line":57,"column":48}},"12":{"start":{"line":59,"column":2},"end":{"line":61,"column":3}},"13":{"start":{"line":59,"column":32},"end":{"line":59,"column":76}},"14":{"start":{"line":60,"column":4},"end":{"line":60,"column":62}}},"fnMap":{"0":{"name":"(anonymous_0)","decl":{"start":{"line":6,"column":0},"end":{"line":6,"column":12}},"loc":{"start":{"line":6,"column":22},"end":{"line":9,"column":1}}},"1":{"name":"validateUidModel","decl":{"start":{"line":46,"column":16},"end":{"line":46,"column":32}},"loc":{"start":{"line":46,"column":46},"end":{"line":62,"column":1}}},"2":{"name":"(anonymous_2)","decl":{"start":{"line":59,"column":25},"end":{"line":59,"column":26}},"loc":{"start":{"line":59,"column":32},"end":{"line":59,"column":76}}}},"branchMap":{"0":{"loc":{"start":{"line":6,"column":12},"end":{"line":6,"column":null}},"type":"binary-expr","locations":[{"start":{"line":6,"column":12},"end":{"line":6,"column":22}},{"start":{"line":6,"column":22},"end":{"line":6,"column":null}}]},"1":{"loc":{"start":{"line":47,"column":2},"end":{"line":49,"column":3}},"type":"if","locations":[{"start":{"line":47,"column":2},"end":{"line":49,"column":3}}]},"2":{"loc":{"start":{"line":50,"column":2},"end":{"line":52,"column":3}},"type":"if","locations":[{"start":{"line":50,"column":2},"end":{"line":52,"column":3}}]},"3":{"loc":{"start":{"line":53,"column":2},"end":{"line":55,"column":3}},"type":"if","locations":[{"start":{"line":53,"column":2},"end":{"line":55,"column":3}}]},"4":{"loc":{"start":{"line":56,"column":2},"end":{"line":58,"column":3}},"type":"if","locations":[{"start":{"line":56,"column":2},"end":{"line":58,"column":3}}]},"5":{"loc":{"start":{"line":59,"column":2},"end":{"line":61,"column":3}},"type":"if","locations":[{"start":{"line":59,"column":2},"end":{"line":61,"column":3}}]}},"s":{"0":2,"1":2,"2":2,"3":2,"4":7,"5":1,"6":6,"7":1,"8":5,"9":1,"10":4,"11":1,"12":3,"13":3,"14":1},"f":{"0":2,"1":7,"2":3},"b":{"0":[2,2],"1":[1],"2":[1],"3":[1],"4":[1],"5":[1]}}
}
