TN:
SF:src\data\addressMapping\index.ts
FNF:0
FNH:0
DA:1,0
LF:1
LH:0
BRF:0
BRH:0
end_of_record
TN:
SF:src\data\uid\index.ts
FNF:0
FNH:0
DA:1,2
LF:1
LH:1
BRF:0
BRH:0
end_of_record
TN:
SF:src\data\uid\model.ts
FN:6,(anonymous_0)
FN:46,validateUidModel
FN:59,(anonymous_2)
FN:62,(anonymous_3)
FNF:4
FNH:4
FNDA:3,(anonymous_0)
FNDA:9,validateUidModel
FNDA:5,(anonymous_2)
FNDA:4,(anonymous_3)
DA:6,3
DA:7,3
DA:8,3
DA:46,3
DA:47,9
DA:48,1
DA:50,8
DA:51,1
DA:53,7
DA:54,1
DA:56,6
DA:57,1
DA:59,5
DA:60,1
DA:62,4
DA:63,2
LF:16
LH:16
BRDA:6,0,0,3
BRDA:6,0,1,3
BRDA:47,1,0,1
BRDA:50,2,0,1
BRDA:53,3,0,1
BRDA:56,4,0,1
BRDA:59,5,0,1
BRDA:62,6,0,2
BRF:8
BRH:8
end_of_record
TN:
SF:src\data\wallet\index.ts
FNF:0
FNH:0
DA:1,0
LF:1
LH:0
BRF:0
BRH:0
end_of_record
TN:
SF:src\data\wallet\model.ts
FN:38,validateWalletModel
FN:45,(anonymous_1)
FNF:2
FNH:2
FNDA:7,validateWalletModel
FNDA:5,(anonymous_1)
DA:1,1
DA:38,1
DA:39,7
DA:40,1
DA:42,6
DA:43,1
DA:45,5
DA:46,2
LF:8
LH:8
BRDA:39,0,0,1
BRDA:42,1,0,1
BRDA:45,2,0,2
BRDA:45,3,0,5
BRDA:45,3,1,4
BRF:5
BRH:5
end_of_record
